2020-11-04 15:26:11,917 - Log4JLogChute initialized using file 'velocity.log'
2020-11-04 15:26:11,918 - Initializing Velocity, Calling init()...
2020-11-04 15:26:11,918 - Starting Apache Velocity v1.7 (compiled: 2010-11-19 12:14:37)
2020-11-04 15:26:11,918 - Default Properties File: org\apache\velocity\runtime\defaults\velocity.properties
2020-11-04 15:26:11,918 - Trying to use logger class org.apache.velocity.runtime.log.AvalonLogChute
2020-11-04 15:26:11,918 - Target log system for org.apache.velocity.runtime.log.AvalonLogChute is not available (java.lang.NoClassDefFoundError: org/apache/log/format/Formatter).  Falling back to next log system...
2020-11-04 15:26:11,918 - Trying to use logger class org.apache.velocity.runtime.log.Log4JLogChute
2020-11-04 15:26:11,919 - Using logger class org.apache.velocity.runtime.log.Log4JLogChute
2020-11-04 15:26:11,926 - ResourceLoader instantiated: org.apache.velocity.runtime.resource.loader.FileResourceLoader
2020-11-04 15:26:11,927 - Do unicode file recognition:  false
2020-11-04 15:26:11,927 - FileResourceLoader : adding path '.'
2020-11-04 15:26:11,943 - ResourceCache: initialized (class org.apache.velocity.runtime.resource.ResourceCacheImpl) with class java.util.Collections$SynchronizedMap cache map.
2020-11-04 15:26:11,945 - Loaded System Directive: org.apache.velocity.runtime.directive.Stop
2020-11-04 15:26:11,946 - Loaded System Directive: org.apache.velocity.runtime.directive.Define
2020-11-04 15:26:11,947 - Loaded System Directive: org.apache.velocity.runtime.directive.Break
2020-11-04 15:26:11,947 - Loaded System Directive: org.apache.velocity.runtime.directive.Evaluate
2020-11-04 15:26:11,948 - Loaded System Directive: org.apache.velocity.runtime.directive.Literal
2020-11-04 15:26:11,949 - Loaded System Directive: org.apache.velocity.runtime.directive.Macro
2020-11-04 15:26:11,950 - Loaded System Directive: org.apache.velocity.runtime.directive.Parse
2020-11-04 15:26:11,951 - Loaded System Directive: org.apache.velocity.runtime.directive.Include
2020-11-04 15:26:11,953 - Loaded System Directive: org.apache.velocity.runtime.directive.Foreach
2020-11-04 15:26:11,987 - Created '20' parsers.
2020-11-04 15:26:11,992 - Velocimacro : "velocimacro.library" is not set.  Trying default library: VM_global_library.vm
2020-11-04 15:26:11,992 - Velocimacro : Default library not found.
2020-11-04 15:26:11,992 - Velocimacro : allowInline = true : VMs can be defined inline in templates
2020-11-04 15:26:11,992 - Velocimacro : allowInlineToOverride = false : VMs defined inline may NOT replace previous VM definitions
2020-11-04 15:26:11,993 - Velocimacro : allowInlineLocal = false : VMs defined inline will be global in scope if allowed.
2020-11-04 15:26:11,993 - Velocimacro : autoload off : VM system will not automatically reload global library macros
